2018-02-04 18:12:10 INFO  JavaRushTasksProjectComponent.projectOpened(68) - ---------- Project JavaRushTasks opened ----------

2018-02-04 18:12:10 INFO  ApacheHttpClient.createAsyncHttpClient(125) - Выбрано 1 прокси.
2018-02-04 18:12:10 INFO  ApacheHttpClient.<init>(85) - ApacheHttpClient проинстанциирован успешно.
2018-02-04 18:12:12 INFO  ApacheHttpClient.testConnection(178) - responseCode = 200
2018-02-04 18:12:12 INFO  ApacheHttpClient.testConnection(185) - result = true
2018-02-04 18:12:12 INFO  ApacheHttpClient.login(209) - Ожидание ответа сервера.
2018-02-04 18:12:12 INFO  ApacheHttpClient.login(213) - responseCode = 200
2018-02-04 18:12:12 INFO  ApacheHttpClient.login(244) - JSESSIONID=5CA347B65D15A2892490336AE7FB31AA
2018-02-04 18:12:12 INFO  ApacheHttpClient.refreshUserInfo(272) - responseCode = 200
2018-02-04 18:12:12 INFO  ApacheHttpClient.refreshUserInfo(278) - Информация о пользователе получена.
2018-02-04 18:12:12 INFO  ApacheHttpClient.startGA(32) - GAService запущен.
2018-02-04 18:12:12 INFO  AbstractRestApiClient.startService(70) - EventsService запущен.
2018-02-04 18:12:15 INFO  ApacheHttpClient.testConnection(178) - responseCode = 200
2018-02-04 18:12:15 INFO  ApacheHttpClient.testConnection(185) - result = true
2018-02-04 18:12:15 INFO  ApacheHttpClient.testConnection(178) - responseCode = 200
2018-02-04 18:12:15 INFO  ApacheHttpClient.testConnection(185) - result = true
2018-02-04 18:12:16 INFO  ApacheHttpClient.getWebResourceAsStream(420) - responseCode = 200
2018-02-04 18:12:19 INFO  ApacheHttpClient.testConnection(178) - responseCode = 200
2018-02-04 18:12:19 INFO  ApacheHttpClient.testConnection(185) - result = true
2018-02-04 18:12:19 INFO  ApacheHttpClient.testConnection(178) - responseCode = 200
2018-02-04 18:12:19 INFO  ApacheHttpClient.testConnection(185) - result = true
2018-02-04 18:12:20 INFO  ApacheHttpClient.testConnection(178) - responseCode = 200
2018-02-04 18:12:20 INFO  ApacheHttpClient.testConnection(185) - result = true
2018-02-04 18:13:12 INFO  ApacheHttpClient.sendEvent(450) - responseCode = 200
2018-02-04 18:13:50 INFO  ApacheHttpClient.testConnection(178) - responseCode = 200
2018-02-04 18:13:50 INFO  ApacheHttpClient.testConnection(185) - result = true
2018-02-04 18:14:12 INFO  ApacheHttpClient.sendEvent(450) - responseCode = 200
2018-02-04 18:15:12 INFO  ApacheHttpClient.sendEvent(450) - responseCode = 200
2018-02-04 18:15:15 INFO  ApacheHttpClient.getWebResourceAsStream(420) - responseCode = 200
2018-02-04 18:15:15 INFO  ApacheHttpClient.getFilteredTasks(307) - responseCode = 200
2018-02-04 18:15:16 INFO  ApacheHttpClient.getTaskTemplateInfo(324) - responseCode = 200
2018-02-04 18:15:16 INFO  ApacheHttpClient.testConnection(178) - responseCode = 200
2018-02-04 18:15:16 INFO  ApacheHttpClient.testConnection(185) - result = true
2018-02-04 18:15:16 INFO  ApacheHttpClient.testConnection(178) - responseCode = 200
2018-02-04 18:15:16 INFO  ApacheHttpClient.testConnection(185) - result = true
2018-02-04 18:15:16 INFO  ApacheHttpClient.getWebResourceAsStream(420) - responseCode = 200
2018-02-04 18:16:12 INFO  ApacheHttpClient.sendEvent(450) - responseCode = 200
2018-02-04 18:17:12 INFO  ApacheHttpClient.sendEvent(450) - responseCode = 200
2018-02-04 18:18:12 INFO  ApacheHttpClient.sendEvent(450) - responseCode = 200
2018-02-04 18:19:12 INFO  ApacheHttpClient.sendEvent(450) - responseCode = 200
2018-02-04 18:20:15 INFO  ApacheHttpClient.sendEvent(450) - responseCode = 504
2018-02-04 18:21:12 INFO  ApacheHttpClient.sendEvent(450) - responseCode = 200
2018-02-04 18:22:13 INFO  ApacheHttpClient.sendEvent(450) - responseCode = 200
2018-02-04 18:23:12 INFO  ApacheHttpClient.sendEvent(450) - responseCode = 200
2018-02-04 18:24:12 INFO  ApacheHttpClient.sendEvent(450) - responseCode = 200
2018-02-04 18:25:12 INFO  ApacheHttpClient.sendEvent(450) - responseCode = 200
2018-02-04 18:26:12 INFO  ApacheHttpClient.sendEvent(450) - responseCode = 200
2018-02-04 18:27:12 INFO  ApacheHttpClient.sendEvent(450) - responseCode = 200
2018-02-04 18:28:12 INFO  ApacheHttpClient.sendEvent(450) - responseCode = 200
2018-02-04 18:29:12 INFO  ApacheHttpClient.sendEvent(450) - responseCode = 200
2018-02-04 18:30:12 INFO  ApacheHttpClient.sendEvent(450) - responseCode = 200
2018-02-04 18:31:12 INFO  ApacheHttpClient.sendEvent(450) - responseCode = 200
2018-02-04 18:32:12 INFO  ApacheHttpClient.sendEvent(450) - responseCode = 200
2018-02-04 18:33:12 INFO  ApacheHttpClient.sendEvent(450) - responseCode = 200
2018-02-04 18:34:12 INFO  ApacheHttpClient.sendEvent(450) - responseCode = 200
2018-02-04 18:35:12 INFO  ApacheHttpClient.sendEvent(450) - responseCode = 200
2018-02-04 18:36:12 INFO  ApacheHttpClient.sendEvent(450) - responseCode = 200
2018-02-04 18:37:13 INFO  ApacheHttpClient.sendEvent(450) - responseCode = 200
2018-02-04 18:38:12 INFO  ApacheHttpClient.sendEvent(450) - responseCode = 200
2018-02-04 18:39:12 INFO  ApacheHttpClient.sendEvent(450) - responseCode = 200
2018-02-04 18:40:12 INFO  ApacheHttpClient.sendEvent(450) - responseCode = 200
2018-02-04 18:40:33 INFO  ApacheHttpClient.getWebResourceAsStream(420) - responseCode = 200
2018-02-04 18:40:33 INFO  ApacheHttpClient.getTask(405) - responseCode = 200
2018-02-04 18:40:34 INFO  ApacheHttpClient.getWebResourceAsStream(420) - responseCode = 200
2018-02-04 18:40:35 INFO  ApacheHttpClient.completed(27) - responseCode = 200
2018-02-04 18:40:35 INFO  ApacheHttpClient.getTask(405) - responseCode = 200
2018-02-04 18:40:41 INFO  ApacheHttpClient.getWebResourceAsStream(420) - responseCode = 200
2018-02-04 18:40:41 INFO  ApacheHttpClient.getFilteredTasks(307) - responseCode = 200
2018-02-04 18:40:42 INFO  ApacheHttpClient.getTaskTemplateInfo(324) - responseCode = 200
2018-02-04 18:40:47 INFO  ApacheHttpClient.testConnection(178) - responseCode = 200
2018-02-04 18:40:47 INFO  ApacheHttpClient.testConnection(185) - result = true
2018-02-04 18:40:47 INFO  ApacheHttpClient.testConnection(178) - responseCode = 200
2018-02-04 18:40:47 INFO  ApacheHttpClient.testConnection(185) - result = true
2018-02-04 18:40:47 INFO  ApacheHttpClient.getWebResourceAsStream(420) - responseCode = 200
2018-02-04 18:41:12 INFO  ApacheHttpClient.sendEvent(450) - responseCode = 200
2018-02-04 18:42:05 INFO  ApacheHttpClient.getWebResourceAsStream(420) - responseCode = 200
2018-02-04 18:42:05 INFO  ApacheHttpClient.getTask(405) - responseCode = 200
2018-02-04 18:42:06 INFO  ApacheHttpClient.getWebResourceAsStream(420) - responseCode = 200
2018-02-04 18:42:08 INFO  ApacheHttpClient.completed(27) - responseCode = 200
2018-02-04 18:42:08 INFO  ApacheHttpClient.getTask(405) - responseCode = 200
2018-02-04 18:42:09 INFO  ApacheHttpClient.getWebResourceAsStream(420) - responseCode = 200
2018-02-04 18:42:09 INFO  ApacheHttpClient.getFilteredTasks(307) - responseCode = 200
2018-02-04 18:42:10 INFO  ApacheHttpClient.getTaskTemplateInfo(324) - responseCode = 200
2018-02-04 18:42:11 INFO  ApacheHttpClient.testConnection(178) - responseCode = 200
2018-02-04 18:42:11 INFO  ApacheHttpClient.testConnection(185) - result = true
2018-02-04 18:42:11 INFO  ApacheHttpClient.testConnection(178) - responseCode = 200
2018-02-04 18:42:11 INFO  ApacheHttpClient.testConnection(185) - result = true
2018-02-04 18:42:11 INFO  ApacheHttpClient.getWebResourceAsStream(420) - responseCode = 200
2018-02-04 18:42:12 INFO  ApacheHttpClient.sendEvent(450) - responseCode = 200
2018-02-04 18:42:33 INFO  ApacheHttpClient.getWebResourceAsStream(420) - responseCode = 200
2018-02-04 18:42:33 INFO  ApacheHttpClient.getTask(405) - responseCode = 200
2018-02-04 18:42:33 INFO  ApacheHttpClient.getWebResourceAsStream(420) - responseCode = 200
2018-02-04 18:42:35 INFO  ApacheHttpClient.completed(27) - responseCode = 200
2018-02-04 18:42:35 INFO  ApacheHttpClient.getTask(405) - responseCode = 200
2018-02-04 18:42:37 INFO  ApacheHttpClient.getWebResourceAsStream(420) - responseCode = 200
2018-02-04 18:42:38 INFO  ApacheHttpClient.getFilteredTasks(307) - responseCode = 200
2018-02-04 18:42:39 INFO  ApacheHttpClient.getTaskTemplateInfo(324) - responseCode = 200
2018-02-04 18:42:40 INFO  ApacheHttpClient.testConnection(178) - responseCode = 200
2018-02-04 18:42:40 INFO  ApacheHttpClient.testConnection(185) - result = true
2018-02-04 18:42:40 INFO  ApacheHttpClient.testConnection(178) - responseCode = 200
2018-02-04 18:42:40 INFO  ApacheHttpClient.testConnection(185) - result = true
2018-02-04 18:42:40 INFO  ApacheHttpClient.getWebResourceAsStream(420) - responseCode = 200
2018-02-04 18:43:12 INFO  ApacheHttpClient.sendEvent(450) - responseCode = 200
2018-02-04 18:43:36 INFO  ApacheHttpClient.getWebResourceAsStream(420) - responseCode = 200
2018-02-04 18:43:37 INFO  ApacheHttpClient.getTask(405) - responseCode = 200
2018-02-04 18:43:37 INFO  ApacheHttpClient.getWebResourceAsStream(420) - responseCode = 200
2018-02-04 18:43:38 INFO  ApacheHttpClient.completed(27) - responseCode = 200
2018-02-04 18:44:12 INFO  ApacheHttpClient.sendEvent(450) - responseCode = 200
2018-02-04 18:44:26 INFO  ApacheHttpClient.getWebResourceAsStream(420) - responseCode = 200
2018-02-04 18:44:26 INFO  ApacheHttpClient.getTask(405) - responseCode = 200
2018-02-04 18:44:26 INFO  ApacheHttpClient.getWebResourceAsStream(420) - responseCode = 200
2018-02-04 18:44:27 INFO  ApacheHttpClient.completed(27) - responseCode = 200
2018-02-04 18:44:27 INFO  ApacheHttpClient.getTask(405) - responseCode = 200
2018-02-04 18:44:29 INFO  ApacheHttpClient.getWebResourceAsStream(420) - responseCode = 200
2018-02-04 18:44:29 INFO  ApacheHttpClient.getFilteredTasks(307) - responseCode = 200
2018-02-04 18:44:29 INFO  ApacheHttpClient.getTaskTemplateInfo(324) - responseCode = 200
2018-02-04 18:44:31 INFO  ApacheHttpClient.testConnection(178) - responseCode = 200
2018-02-04 18:44:31 INFO  ApacheHttpClient.testConnection(185) - result = true
2018-02-04 18:44:31 INFO  ApacheHttpClient.testConnection(178) - responseCode = 200
2018-02-04 18:44:31 INFO  ApacheHttpClient.testConnection(185) - result = true
2018-02-04 18:44:31 INFO  ApacheHttpClient.getWebResourceAsStream(420) - responseCode = 200
2018-02-04 18:45:12 INFO  ApacheHttpClient.sendEvent(450) - responseCode = 200
2018-02-04 18:46:12 INFO  ApacheHttpClient.sendEvent(450) - responseCode = 200
2018-02-04 18:46:20 INFO  ApacheHttpClient.getWebResourceAsStream(420) - responseCode = 200
2018-02-04 18:46:20 INFO  ApacheHttpClient.getTask(405) - responseCode = 200
2018-02-04 18:46:20 INFO  ApacheHttpClient.getWebResourceAsStream(420) - responseCode = 200
2018-02-04 18:46:21 INFO  ApacheHttpClient.completed(27) - responseCode = 200
2018-02-04 18:46:21 INFO  ApacheHttpClient.getTask(405) - responseCode = 200
2018-02-04 18:46:22 INFO  ApacheHttpClient.getWebResourceAsStream(420) - responseCode = 200
2018-02-04 18:46:22 INFO  ApacheHttpClient.getFilteredTasks(307) - responseCode = 200
2018-02-04 18:46:23 INFO  ApacheHttpClient.getTaskTemplateInfo(324) - responseCode = 200
2018-02-04 18:46:24 INFO  ApacheHttpClient.testConnection(178) - responseCode = 200
2018-02-04 18:46:24 INFO  ApacheHttpClient.testConnection(185) - result = true
2018-02-04 18:46:24 INFO  ApacheHttpClient.testConnection(178) - responseCode = 200
2018-02-04 18:46:24 INFO  ApacheHttpClient.testConnection(185) - result = true
2018-02-04 18:46:25 INFO  ApacheHttpClient.getTaskTemplateInfo(324) - responseCode = 200
2018-02-04 18:46:25 INFO  ApacheHttpClient.getWebResourceAsStream(420) - responseCode = 200
2018-02-04 18:47:12 INFO  ApacheHttpClient.sendEvent(450) - responseCode = 200
2018-02-04 18:48:12 INFO  ApacheHttpClient.sendEvent(450) - responseCode = 200
2018-02-04 18:48:49 INFO  ApacheHttpClient.getWebResourceAsStream(420) - responseCode = 200
2018-02-04 18:48:49 INFO  ApacheHttpClient.getTask(405) - responseCode = 200
2018-02-04 18:48:49 INFO  ApacheHttpClient.getWebResourceAsStream(420) - responseCode = 200
2018-02-04 18:48:51 INFO  ApacheHttpClient.completed(27) - responseCode = 200
2018-02-04 18:48:51 INFO  ApacheHttpClient.getTask(405) - responseCode = 200
2018-02-04 18:48:53 INFO  ApacheHttpClient.getWebResourceAsStream(420) - responseCode = 200
2018-02-04 18:48:53 INFO  ApacheHttpClient.getFilteredTasks(307) - responseCode = 200
2018-02-04 18:48:54 INFO  ApacheHttpClient.getTaskTemplateInfo(324) - responseCode = 200
2018-02-04 18:48:55 INFO  ApacheHttpClient.testConnection(178) - responseCode = 200
2018-02-04 18:48:55 INFO  ApacheHttpClient.testConnection(185) - result = true
2018-02-04 18:48:55 INFO  ApacheHttpClient.testConnection(178) - responseCode = 200
2018-02-04 18:48:55 INFO  ApacheHttpClient.testConnection(185) - result = true
2018-02-04 18:48:55 INFO  ApacheHttpClient.getWebResourceAsStream(420) - responseCode = 200
2018-02-04 18:48:55 INFO  ApacheHttpClient.getTaskTemplateInfo(324) - responseCode = 200
2018-02-04 18:48:57 INFO  ApacheHttpClient.testConnection(178) - responseCode = 200
2018-02-04 18:48:57 INFO  ApacheHttpClient.testConnection(185) - result = true
2018-02-04 18:48:57 INFO  ApacheHttpClient.testConnection(178) - responseCode = 200
2018-02-04 18:48:57 INFO  ApacheHttpClient.testConnection(185) - result = true
2018-02-04 18:48:58 INFO  ApacheHttpClient.getWebResourceAsStream(420) - responseCode = 200
2018-02-04 18:49:12 INFO  ApacheHttpClient.sendEvent(450) - responseCode = 200
2018-02-04 18:50:12 INFO  ApacheHttpClient.sendEvent(450) - responseCode = 200
2018-02-04 18:51:12 INFO  ApacheHttpClient.sendEvent(450) - responseCode = 200
2018-02-04 18:52:12 INFO  ApacheHttpClient.sendEvent(450) - responseCode = 200
2018-02-04 18:52:31 INFO  ApacheHttpClient.getWebResourceAsStream(420) - responseCode = 200
2018-02-04 18:52:31 INFO  ApacheHttpClient.getTask(405) - responseCode = 200
2018-02-04 18:52:31 INFO  ApacheHttpClient.getWebResourceAsStream(420) - responseCode = 200
2018-02-04 18:52:33 INFO  ApacheHttpClient.completed(27) - responseCode = 200
2018-02-04 18:52:33 INFO  ApacheHttpClient.getTask(405) - responseCode = 200
2018-02-04 18:52:34 INFO  ApacheHttpClient.getWebResourceAsStream(420) - responseCode = 200
2018-02-04 18:52:34 INFO  ApacheHttpClient.getFilteredTasks(307) - responseCode = 200
2018-02-04 18:52:35 INFO  ApacheHttpClient.getTaskTemplateInfo(324) - responseCode = 200
2018-02-04 18:52:37 INFO  ApacheHttpClient.testConnection(178) - responseCode = 200
2018-02-04 18:52:37 INFO  ApacheHttpClient.testConnection(185) - result = true
2018-02-04 18:52:37 INFO  ApacheHttpClient.testConnection(178) - responseCode = 200
2018-02-04 18:52:37 INFO  ApacheHttpClient.testConnection(185) - result = true
2018-02-04 18:52:37 INFO  ApacheHttpClient.getWebResourceAsStream(420) - responseCode = 200
2018-02-04 18:53:12 INFO  ApacheHttpClient.sendEvent(450) - responseCode = 200
2018-02-04 18:54:12 INFO  ApacheHttpClient.sendEvent(450) - responseCode = 200
2018-02-04 18:54:48 INFO  ApacheHttpClient.getWebResourceAsStream(420) - responseCode = 200
2018-02-04 18:54:48 INFO  ApacheHttpClient.getTask(405) - responseCode = 200
2018-02-04 18:54:48 INFO  ApacheHttpClient.getWebResourceAsStream(420) - responseCode = 200
2018-02-04 18:54:50 INFO  ApacheHttpClient.completed(27) - responseCode = 200
2018-02-04 18:55:13 INFO  ApacheHttpClient.sendEvent(450) - responseCode = 200
2018-02-04 18:56:12 INFO  ApacheHttpClient.sendEvent(450) - responseCode = 200
2018-02-04 18:57:12 INFO  ApacheHttpClient.sendEvent(450) - responseCode = 200
2018-02-04 18:58:12 INFO  ApacheHttpClient.sendEvent(450) - responseCode = 200
2018-02-04 18:59:12 INFO  ApacheHttpClient.sendEvent(450) - responseCode = 200
2018-02-04 19:00:12 INFO  ApacheHttpClient.sendEvent(450) - responseCode = 200
2018-02-04 19:01:12 INFO  ApacheHttpClient.sendEvent(450) - responseCode = 200
2018-02-04 19:02:12 INFO  ApacheHttpClient.sendEvent(450) - responseCode = 200
2018-02-04 19:03:11 INFO  ApacheHttpClient.getWebResourceAsStream(420) - responseCode = 200
2018-02-04 19:03:11 INFO  ApacheHttpClient.getTask(405) - responseCode = 200
2018-02-04 19:03:11 INFO  ApacheHttpClient.getWebResourceAsStream(420) - responseCode = 200
2018-02-04 19:03:12 INFO  ApacheHttpClient.sendEvent(450) - responseCode = 200
2018-02-04 19:03:12 INFO  ApacheHttpClient.completed(27) - responseCode = 200
2018-02-04 19:03:12 INFO  ApacheHttpClient.getTask(405) - responseCode = 200
2018-02-04 19:03:15 INFO  ApacheHttpClient.getWebResourceAsStream(420) - responseCode = 200
2018-02-04 19:03:15 INFO  ApacheHttpClient.getFilteredTasks(307) - responseCode = 200
2018-02-04 19:03:16 INFO  ApacheHttpClient.getTaskTemplateInfo(324) - responseCode = 200
2018-02-04 19:03:18 INFO  ApacheHttpClient.testConnection(178) - responseCode = 200
2018-02-04 19:03:18 INFO  ApacheHttpClient.testConnection(185) - result = true
2018-02-04 19:03:19 INFO  ApacheHttpClient.testConnection(178) - responseCode = 200
2018-02-04 19:03:19 INFO  ApacheHttpClient.testConnection(185) - result = true
2018-02-04 19:03:19 INFO  ApacheHttpClient.getWebResourceAsStream(420) - responseCode = 200
2018-02-04 19:04:12 INFO  ApacheHttpClient.sendEvent(450) - responseCode = 200
2018-02-04 19:05:12 INFO  ApacheHttpClient.sendEvent(450) - responseCode = 200
2018-02-04 19:06:12 INFO  ApacheHttpClient.sendEvent(450) - responseCode = 200
2018-02-04 19:07:12 INFO  ApacheHttpClient.sendEvent(450) - responseCode = 200
2018-02-04 19:08:12 INFO  ApacheHttpClient.sendEvent(450) - responseCode = 200
2018-02-04 19:09:18 ERROR ApacheHttpClient.processExceptionSendEvent(103) - (super) Ошибка во время отправки ивента на сервер.
2018-02-04 19:10:12 INFO  ApacheHttpClient.sendEvent(450) - responseCode = 200
2018-02-04 19:11:12 INFO  ApacheHttpClient.sendEvent(450) - responseCode = 200
2018-02-04 19:12:12 INFO  ApacheHttpClient.sendEvent(450) - responseCode = 200
2018-02-04 19:13:12 INFO  ApacheHttpClient.sendEvent(450) - responseCode = 200
2018-02-04 19:14:12 INFO  ApacheHttpClient.sendEvent(450) - responseCode = 200
2018-02-04 19:15:12 INFO  ApacheHttpClient.sendEvent(450) - responseCode = 200
2018-02-04 19:16:12 INFO  ApacheHttpClient.sendEvent(450) - responseCode = 200
2018-02-04 19:17:13 INFO  ApacheHttpClient.sendEvent(450) - responseCode = 200
2018-02-04 19:18:12 INFO  ApacheHttpClient.sendEvent(450) - responseCode = 200
2018-02-04 19:19:12 INFO  ApacheHttpClient.sendEvent(450) - responseCode = 200
2018-02-04 19:20:12 INFO  ApacheHttpClient.sendEvent(450) - responseCode = 200
2018-02-04 19:21:12 INFO  ApacheHttpClient.sendEvent(450) - responseCode = 200
2018-02-04 19:22:13 INFO  ApacheHttpClient.sendEvent(450) - responseCode = 200
2018-02-04 19:23:12 INFO  ApacheHttpClient.sendEvent(450) - responseCode = 200
2018-02-04 19:24:12 INFO  ApacheHttpClient.sendEvent(450) - responseCode = 200
2018-02-04 19:25:12 INFO  ApacheHttpClient.sendEvent(450) - responseCode = 200
2018-02-04 19:26:12 INFO  ApacheHttpClient.sendEvent(450) - responseCode = 200
2018-02-04 19:27:14 INFO  ApacheHttpClient.sendEvent(450) - responseCode = 200
2018-02-04 19:28:15 INFO  ApacheHttpClient.sendEvent(450) - responseCode = 504
2018-02-04 19:29:15 INFO  ApacheHttpClient.sendEvent(450) - responseCode = 504
2018-02-04 19:30:12 INFO  ApacheHttpClient.sendEvent(450) - responseCode = 200
2018-02-04 19:31:12 INFO  ApacheHttpClient.sendEvent(450) - responseCode = 200
2018-02-04 19:32:12 INFO  ApacheHttpClient.sendEvent(450) - responseCode = 200
2018-02-04 19:33:12 INFO  ApacheHttpClient.sendEvent(450) - responseCode = 200
2018-02-04 19:34:12 INFO  ApacheHttpClient.sendEvent(450) - responseCode = 200
2018-02-04 19:35:12 INFO  ApacheHttpClient.sendEvent(450) - responseCode = 200
2018-02-04 19:36:12 INFO  ApacheHttpClient.sendEvent(450) - responseCode = 200
2018-02-04 19:37:12 INFO  ApacheHttpClient.sendEvent(450) - responseCode = 200
2018-02-04 19:38:12 INFO  ApacheHttpClient.sendEvent(450) - responseCode = 200
2018-02-04 19:39:12 INFO  ApacheHttpClient.sendEvent(450) - responseCode = 200
2018-02-04 19:40:12 INFO  ApacheHttpClient.sendEvent(450) - responseCode = 200
2018-02-04 19:41:13 INFO  ApacheHttpClient.sendEvent(450) - responseCode = 200
2018-02-04 19:42:12 INFO  ApacheHttpClient.sendEvent(450) - responseCode = 200
2018-02-04 19:43:12 INFO  ApacheHttpClient.sendEvent(450) - responseCode = 200
2018-02-04 19:44:13 INFO  ApacheHttpClient.sendEvent(450) - responseCode = 200
2018-02-04 19:45:13 INFO  ApacheHttpClient.sendEvent(450) - responseCode = 200
2018-02-04 19:46:12 INFO  ApacheHttpClient.sendEvent(450) - responseCode = 200
2018-02-04 19:47:12 INFO  ApacheHttpClient.sendEvent(450) - responseCode = 200
2018-02-04 19:48:12 INFO  ApacheHttpClient.sendEvent(450) - responseCode = 200
2018-02-04 19:49:12 INFO  ApacheHttpClient.sendEvent(450) - responseCode = 200
2018-02-04 19:50:13 INFO  ApacheHttpClient.sendEvent(450) - responseCode = 200
2018-02-04 19:51:12 INFO  ApacheHttpClient.sendEvent(450) - responseCode = 200
2018-02-04 19:52:12 INFO  ApacheHttpClient.sendEvent(450) - responseCode = 200
2018-02-04 19:53:12 INFO  ApacheHttpClient.sendEvent(450) - responseCode = 200
2018-02-04 19:54:12 INFO  ApacheHttpClient.sendEvent(450) - responseCode = 200
2018-02-04 19:55:12 INFO  ApacheHttpClient.sendEvent(450) - responseCode = 200
2018-02-04 19:56:12 INFO  ApacheHttpClient.sendEvent(450) - responseCode = 200
2018-02-04 19:57:13 INFO  ApacheHttpClient.sendEvent(450) - responseCode = 200
2018-02-04 19:58:12 INFO  ApacheHttpClient.sendEvent(450) - responseCode = 200
2018-02-04 19:59:12 INFO  ApacheHttpClient.sendEvent(450) - responseCode = 200
2018-02-04 20:00:12 INFO  ApacheHttpClient.sendEvent(450) - responseCode = 200
2018-02-04 20:01:13 INFO  ApacheHttpClient.sendEvent(450) - responseCode = 200
2018-02-04 20:02:12 INFO  ApacheHttpClient.sendEvent(450) - responseCode = 200
2018-02-04 20:03:12 INFO  ApacheHttpClient.sendEvent(450) - responseCode = 200
2018-02-04 20:04:12 INFO  ApacheHttpClient.sendEvent(450) - responseCode = 200
2018-02-04 20:05:12 INFO  ApacheHttpClient.sendEvent(450) - responseCode = 200
2018-02-04 20:06:12 INFO  ApacheHttpClient.sendEvent(450) - responseCode = 200
2018-02-04 20:07:12 INFO  ApacheHttpClient.sendEvent(450) - responseCode = 200
2018-02-04 20:08:12 INFO  ApacheHttpClient.sendEvent(450) - responseCode = 200
2018-02-04 20:09:12 INFO  ApacheHttpClient.sendEvent(450) - responseCode = 200
2018-02-04 20:10:12 INFO  ApacheHttpClient.sendEvent(450) - responseCode = 200
2018-02-04 20:11:12 INFO  ApacheHttpClient.sendEvent(450) - responseCode = 200
2018-02-04 20:12:12 INFO  ApacheHttpClient.sendEvent(450) - responseCode = 200
2018-02-04 20:13:12 INFO  ApacheHttpClient.sendEvent(450) - responseCode = 200
2018-02-04 20:14:13 INFO  ApacheHttpClient.sendEvent(450) - responseCode = 200
2018-02-04 20:15:12 INFO  ApacheHttpClient.sendEvent(450) - responseCode = 200
2018-02-04 20:16:12 INFO  ApacheHttpClient.sendEvent(450) - responseCode = 200
2018-02-04 20:17:12 INFO  ApacheHttpClient.sendEvent(450) - responseCode = 200
2018-02-04 20:18:12 INFO  ApacheHttpClient.sendEvent(450) - responseCode = 200
2018-02-04 20:19:12 INFO  ApacheHttpClient.sendEvent(450) - responseCode = 200
2018-02-04 20:20:12 INFO  ApacheHttpClient.sendEvent(450) - responseCode = 200
2018-02-04 20:21:12 INFO  ApacheHttpClient.sendEvent(450) - responseCode = 200
2018-02-04 20:22:12 INFO  ApacheHttpClient.sendEvent(450) - responseCode = 200
2018-02-04 20:23:12 INFO  ApacheHttpClient.sendEvent(450) - responseCode = 200
2018-02-04 20:24:12 INFO  ApacheHttpClient.sendEvent(450) - responseCode = 200
2018-02-04 20:25:12 INFO  ApacheHttpClient.sendEvent(450) - responseCode = 200
2018-02-04 20:26:12 INFO  ApacheHttpClient.sendEvent(450) - responseCode = 200
2018-02-04 20:27:12 INFO  ApacheHttpClient.sendEvent(450) - responseCode = 200
2018-02-04 20:28:12 INFO  ApacheHttpClient.sendEvent(450) - responseCode = 200
2018-02-04 20:29:12 INFO  ApacheHttpClient.sendEvent(450) - responseCode = 200
2018-02-04 20:30:12 INFO  ApacheHttpClient.sendEvent(450) - responseCode = 200
2018-02-04 20:31:12 INFO  ApacheHttpClient.sendEvent(450) - responseCode = 200
2018-02-04 20:32:12 INFO  ApacheHttpClient.sendEvent(450) - responseCode = 200
2018-02-04 20:33:12 INFO  ApacheHttpClient.sendEvent(450) - responseCode = 200
2018-02-04 20:34:12 INFO  ApacheHttpClient.sendEvent(450) - responseCode = 200
2018-02-04 20:35:13 INFO  ApacheHttpClient.sendEvent(450) - responseCode = 200
2018-02-04 20:36:12 INFO  ApacheHttpClient.sendEvent(450) - responseCode = 200
2018-02-04 20:37:12 INFO  ApacheHttpClient.sendEvent(450) - responseCode = 200
2018-02-04 20:38:13 INFO  ApacheHttpClient.sendEvent(450) - responseCode = 200
2018-02-04 20:39:12 INFO  ApacheHttpClient.sendEvent(450) - responseCode = 200
2018-02-04 20:40:12 INFO  ApacheHttpClient.sendEvent(450) - responseCode = 200
2018-02-04 20:41:12 INFO  ApacheHttpClient.sendEvent(450) - responseCode = 200
2018-02-04 20:42:15 INFO  ApacheHttpClient.sendEvent(450) - responseCode = 504
2018-02-04 20:43:12 INFO  ApacheHttpClient.sendEvent(450) - responseCode = 200
2018-02-04 20:44:12 INFO  ApacheHttpClient.sendEvent(450) - responseCode = 200
2018-02-04 20:45:12 INFO  ApacheHttpClient.sendEvent(450) - responseCode = 200
2018-02-04 20:46:12 INFO  ApacheHttpClient.sendEvent(450) - responseCode = 200
2018-02-04 20:47:12 INFO  ApacheHttpClient.sendEvent(450) - responseCode = 200
2018-02-04 20:48:12 INFO  ApacheHttpClient.sendEvent(450) - responseCode = 200
2018-02-04 20:49:12 INFO  ApacheHttpClient.sendEvent(450) - responseCode = 200
2018-02-04 20:50:12 INFO  ApacheHttpClient.sendEvent(450) - responseCode = 200
2018-02-04 20:51:12 INFO  ApacheHttpClient.sendEvent(450) - responseCode = 200
2018-02-04 20:52:12 INFO  ApacheHttpClient.sendEvent(450) - responseCode = 200
2018-02-04 20:53:12 INFO  ApacheHttpClient.sendEvent(450) - responseCode = 200
2018-02-04 20:54:12 INFO  ApacheHttpClient.sendEvent(450) - responseCode = 200
2018-02-04 20:55:12 INFO  ApacheHttpClient.sendEvent(450) - responseCode = 200
2018-02-04 20:56:12 INFO  ApacheHttpClient.sendEvent(450) - responseCode = 200
2018-02-04 20:57:13 INFO  ApacheHttpClient.sendEvent(450) - responseCode = 200
2018-02-04 20:58:12 INFO  ApacheHttpClient.sendEvent(450) - responseCode = 200
2018-02-04 20:59:12 INFO  ApacheHttpClient.sendEvent(450) - responseCode = 200
2018-02-04 21:00:12 INFO  ApacheHttpClient.sendEvent(450) - responseCode = 200
2018-02-04 21:00:51 INFO  ApacheHttpClient.getWebResourceAsStream(420) - responseCode = 200
2018-02-04 21:00:51 INFO  ApacheHttpClient.getTask(405) - responseCode = 200
2018-02-04 21:00:51 INFO  ApacheHttpClient.getWebResourceAsStream(420) - responseCode = 200
2018-02-04 21:00:52 INFO  ApacheHttpClient.completed(27) - responseCode = 200
2018-02-04 21:01:04 INFO  ApacheHttpClient.getWebResourceAsStream(420) - responseCode = 200
2018-02-04 21:01:04 INFO  ApacheHttpClient.getTask(405) - responseCode = 200
2018-02-04 21:01:05 INFO  ApacheHttpClient.getWebResourceAsStream(420) - responseCode = 200
2018-02-04 21:01:06 INFO  ApacheHttpClient.completed(27) - responseCode = 200
2018-02-04 21:01:12 INFO  ApacheHttpClient.sendEvent(450) - responseCode = 200
2018-02-04 21:02:03 INFO  ApacheHttpClient.getWebResourceAsStream(420) - responseCode = 200
2018-02-04 21:02:03 INFO  ApacheHttpClient.getTask(405) - responseCode = 200
2018-02-04 21:02:04 INFO  ApacheHttpClient.getWebResourceAsStream(420) - responseCode = 200
2018-02-04 21:02:05 INFO  ApacheHttpClient.completed(27) - responseCode = 200
2018-02-04 21:02:05 INFO  ApacheHttpClient.getTask(405) - responseCode = 200
2018-02-04 21:02:08 INFO  ApacheHttpClient.getWebResourceAsStream(420) - responseCode = 200
2018-02-04 21:02:09 INFO  ApacheHttpClient.getFilteredTasks(307) - responseCode = 200
2018-02-04 21:02:10 INFO  ApacheHttpClient.getTaskTemplateInfo(324) - responseCode = 200
2018-02-04 21:02:11 INFO  ApacheHttpClient.testConnection(178) - responseCode = 200
2018-02-04 21:02:11 INFO  ApacheHttpClient.testConnection(185) - result = true
2018-02-04 21:02:11 INFO  ApacheHttpClient.testConnection(178) - responseCode = 200
2018-02-04 21:02:11 INFO  ApacheHttpClient.testConnection(185) - result = true
2018-02-04 21:02:11 INFO  ApacheHttpClient.getWebResourceAsStream(420) - responseCode = 200
2018-02-04 21:02:13 INFO  ApacheHttpClient.sendEvent(450) - responseCode = 200
2018-02-04 21:03:12 INFO  ApacheHttpClient.sendEvent(450) - responseCode = 200
2018-02-04 21:04:12 INFO  ApacheHttpClient.sendEvent(450) - responseCode = 200
2018-02-04 21:05:12 INFO  ApacheHttpClient.sendEvent(450) - responseCode = 200
2018-02-04 21:06:12 INFO  ApacheHttpClient.sendEvent(450) - responseCode = 200
2018-02-04 21:07:12 INFO  ApacheHttpClient.sendEvent(450) - responseCode = 200
2018-02-04 21:08:12 INFO  ApacheHttpClient.sendEvent(450) - responseCode = 200
2018-02-04 21:09:12 INFO  ApacheHttpClient.sendEvent(450) - responseCode = 200
2018-02-04 21:10:13 INFO  ApacheHttpClient.sendEvent(450) - responseCode = 200
2018-02-04 21:11:12 INFO  ApacheHttpClient.sendEvent(450) - responseCode = 200
2018-02-04 21:12:12 INFO  ApacheHttpClient.sendEvent(450) - responseCode = 200
2018-02-04 21:13:15 INFO  ApacheHttpClient.sendEvent(450) - responseCode = 504
2018-02-04 21:14:15 INFO  ApacheHttpClient.sendEvent(450) - responseCode = 504
2018-02-04 21:15:15 INFO  ApacheHttpClient.sendEvent(450) - responseCode = 504
2018-02-04 21:16:12 INFO  ApacheHttpClient.sendEvent(450) - responseCode = 200
2018-02-04 21:17:12 INFO  ApacheHttpClient.sendEvent(450) - responseCode = 200
2018-02-04 21:18:12 INFO  ApacheHttpClient.sendEvent(450) - responseCode = 200
2018-02-04 21:19:12 INFO  ApacheHttpClient.sendEvent(450) - responseCode = 200
2018-02-04 21:20:12 INFO  ApacheHttpClient.sendEvent(450) - responseCode = 200
2018-02-04 21:21:12 INFO  ApacheHttpClient.sendEvent(450) - responseCode = 200
2018-02-04 21:22:12 INFO  ApacheHttpClient.sendEvent(450) - responseCode = 200
2018-02-04 21:23:12 INFO  ApacheHttpClient.sendEvent(450) - responseCode = 200
2018-02-04 21:24:12 INFO  ApacheHttpClient.sendEvent(450) - responseCode = 200
2018-02-04 21:24:47 INFO  ApacheHttpClient.getWebResourceAsStream(420) - responseCode = 200
2018-02-04 21:24:47 INFO  ApacheHttpClient.getTask(405) - responseCode = 200
2018-02-04 21:24:48 INFO  ApacheHttpClient.getWebResourceAsStream(420) - responseCode = 200
2018-02-04 21:24:49 INFO  ApacheHttpClient.completed(27) - responseCode = 200
2018-02-04 21:25:12 INFO  ApacheHttpClient.sendEvent(450) - responseCode = 200
2018-02-04 21:26:12 INFO  ApacheHttpClient.sendEvent(450) - responseCode = 200
2018-02-04 21:27:12 INFO  ApacheHttpClient.sendEvent(450) - responseCode = 200
2018-02-04 21:27:45 INFO  ApacheHttpClient.getWebResourceAsStream(420) - responseCode = 200
2018-02-04 21:27:49 INFO  ApacheHttpClient.getTask(405) - responseCode = 200
2018-02-04 21:27:51 INFO  ApacheHttpClient.getWebResourceAsStream(420) - responseCode = 200
2018-02-04 21:27:51 INFO  ApacheHttpClient.completed(27) - responseCode = 200
2018-02-04 21:27:53 INFO  ApacheHttpClient.getTask(405) - responseCode = 200
2018-02-04 21:27:56 INFO  ApacheHttpClient.getWebResourceAsStream(420) - responseCode = 200
2018-02-04 21:27:57 INFO  ApacheHttpClient.getFilteredTasks(307) - responseCode = 200
2018-02-04 21:28:00 INFO  ApacheHttpClient.getTaskTemplateInfo(324) - responseCode = 200
2018-02-04 21:28:02 INFO  ApacheHttpClient.testConnection(178) - responseCode = 200
2018-02-04 21:28:02 INFO  ApacheHttpClient.testConnection(185) - result = true
2018-02-04 21:28:04 INFO  ApacheHttpClient.testConnection(178) - responseCode = 200
2018-02-04 21:28:04 INFO  ApacheHttpClient.testConnection(185) - result = true
2018-02-04 21:28:05 INFO  ApacheHttpClient.getWebResourceAsStream(420) - responseCode = 200
2018-02-04 21:28:13 INFO  ApacheHttpClient.sendEvent(450) - responseCode = 200
2018-02-04 21:29:12 INFO  ApacheHttpClient.sendEvent(450) - responseCode = 200
2018-02-04 21:30:12 INFO  ApacheHttpClient.sendEvent(450) - responseCode = 200
2018-02-04 21:31:12 INFO  ApacheHttpClient.sendEvent(450) - responseCode = 200
2018-02-04 21:31:19 INFO  ApacheHttpClient.getWebResourceAsStream(420) - responseCode = 200
2018-02-04 21:31:19 INFO  ApacheHttpClient.getTask(405) - responseCode = 200
2018-02-04 21:31:19 INFO  ApacheHttpClient.getWebResourceAsStream(420) - responseCode = 200
2018-02-04 21:31:21 INFO  ApacheHttpClient.completed(27) - responseCode = 200
2018-02-04 21:32:12 INFO  ApacheHttpClient.sendEvent(450) - responseCode = 200
2018-02-04 21:32:15 INFO  ApacheHttpClient.getWebResourceAsStream(420) - responseCode = 200
2018-02-04 21:32:16 INFO  ApacheHttpClient.getTask(405) - responseCode = 200
2018-02-04 21:32:16 INFO  ApacheHttpClient.getWebResourceAsStream(420) - responseCode = 200
2018-02-04 21:32:17 INFO  ApacheHttpClient.completed(27) - responseCode = 200
2018-02-04 21:32:17 INFO  ApacheHttpClient.getTask(405) - responseCode = 200
2018-02-04 21:32:19 INFO  ApacheHttpClient.getWebResourceAsStream(420) - responseCode = 200
2018-02-04 21:32:19 INFO  ApacheHttpClient.getFilteredTasks(307) - responseCode = 200
2018-02-04 21:32:23 INFO  ApacheHttpClient.getWebResourceAsStream(420) - responseCode = 200
2018-02-04 21:32:23 INFO  ApacheHttpClient.getFilteredTasks(307) - responseCode = 200
2018-02-04 21:32:24 INFO  ApacheHttpClient.getTaskTemplateInfo(324) - responseCode = 200
2018-02-04 21:32:25 INFO  ApacheHttpClient.testConnection(178) - responseCode = 200
2018-02-04 21:32:25 INFO  ApacheHttpClient.testConnection(185) - result = true
2018-02-04 21:32:25 INFO  ApacheHttpClient.testConnection(178) - responseCode = 200
2018-02-04 21:32:25 INFO  ApacheHttpClient.testConnection(185) - result = true
2018-02-04 21:32:25 INFO  ApacheHttpClient.getWebResourceAsStream(420) - responseCode = 200
2018-02-04 21:33:12 INFO  ApacheHttpClient.sendEvent(450) - responseCode = 200
2018-02-04 21:34:12 INFO  ApacheHttpClient.sendEvent(450) - responseCode = 200
2018-02-04 21:35:12 INFO  ApacheHttpClient.sendEvent(450) - responseCode = 200
2018-02-04 21:36:12 INFO  ApacheHttpClient.sendEvent(450) - responseCode = 200
2018-02-04 21:37:12 INFO  ApacheHttpClient.sendEvent(450) - responseCode = 200
2018-02-04 21:38:12 INFO  ApacheHttpClient.sendEvent(450) - responseCode = 200
2018-02-04 21:39:12 INFO  ApacheHttpClient.sendEvent(450) - responseCode = 200
2018-02-04 21:40:12 INFO  ApacheHttpClient.sendEvent(450) - responseCode = 200
2018-02-04 21:41:12 INFO  ApacheHttpClient.sendEvent(450) - responseCode = 200
2018-02-04 21:41:51 INFO  ApacheHttpClient.getWebResourceAsStream(420) - responseCode = 200
2018-02-04 21:41:51 INFO  ApacheHttpClient.getTask(405) - responseCode = 200
2018-02-04 21:41:51 INFO  ApacheHttpClient.getWebResourceAsStream(420) - responseCode = 200
2018-02-04 21:41:53 INFO  ApacheHttpClient.completed(27) - responseCode = 200
2018-02-04 21:41:53 INFO  ApacheHttpClient.getTask(405) - responseCode = 200
2018-02-04 21:41:54 INFO  ApacheHttpClient.getWebResourceAsStream(420) - responseCode = 200
2018-02-04 21:41:55 INFO  ApacheHttpClient.getFilteredTasks(307) - responseCode = 200
2018-02-04 21:41:56 INFO  ApacheHttpClient.getTaskTemplateInfo(324) - responseCode = 200
2018-02-04 21:41:57 INFO  ApacheHttpClient.testConnection(178) - responseCode = 200
2018-02-04 21:41:57 INFO  ApacheHttpClient.testConnection(185) - result = true
2018-02-04 21:41:57 INFO  ApacheHttpClient.testConnection(178) - responseCode = 200
2018-02-04 21:41:57 INFO  ApacheHttpClient.testConnection(185) - result = true
2018-02-04 21:41:57 INFO  ApacheHttpClient.getWebResourceAsStream(420) - responseCode = 200
2018-02-04 21:42:12 INFO  ApacheHttpClient.sendEvent(450) - responseCode = 200
2018-02-04 21:43:12 INFO  ApacheHttpClient.sendEvent(450) - responseCode = 200
2018-02-04 21:44:12 INFO  ApacheHttpClient.sendEvent(450) - responseCode = 200
2018-02-04 21:45:07 INFO  ApacheHttpClient.getWebResourceAsStream(420) - responseCode = 200
2018-02-04 21:45:07 INFO  ApacheHttpClient.getTask(405) - responseCode = 200
2018-02-04 21:45:07 INFO  ApacheHttpClient.getWebResourceAsStream(420) - responseCode = 200
2018-02-04 21:45:09 INFO  ApacheHttpClient.completed(27) - responseCode = 200
2018-02-04 21:45:09 INFO  ApacheHttpClient.getTask(405) - responseCode = 200
2018-02-04 21:45:10 INFO  ApacheHttpClient.getWebResourceAsStream(420) - responseCode = 200
2018-02-04 21:45:10 INFO  ApacheHttpClient.getFilteredTasks(307) - responseCode = 200
2018-02-04 21:45:11 INFO  ApacheHttpClient.getTaskTemplateInfo(324) - responseCode = 200
2018-02-04 21:45:14 INFO  ApacheHttpClient.sendEvent(450) - responseCode = 200
2018-02-04 21:45:15 INFO  ApacheHttpClient.testConnection(178) - responseCode = 200
2018-02-04 21:45:15 INFO  ApacheHttpClient.testConnection(185) - result = true
2018-02-04 21:45:15 INFO  ApacheHttpClient.testConnection(178) - responseCode = 200
2018-02-04 21:45:15 INFO  ApacheHttpClient.testConnection(185) - result = true
2018-02-04 21:45:15 INFO  ApacheHttpClient.getWebResourceAsStream(420) - responseCode = 200
2018-02-04 21:46:12 INFO  ApacheHttpClient.sendEvent(450) - responseCode = 200
2018-02-04 21:47:12 INFO  ApacheHttpClient.sendEvent(450) - responseCode = 200
2018-02-04 21:48:12 INFO  ApacheHttpClient.sendEvent(450) - responseCode = 200
2018-02-04 21:49:12 INFO  ApacheHttpClient.sendEvent(450) - responseCode = 200
2018-02-04 21:50:12 INFO  ApacheHttpClient.sendEvent(450) - responseCode = 200
2018-02-04 21:51:12 INFO  ApacheHttpClient.sendEvent(450) - responseCode = 200
2018-02-04 21:52:12 INFO  ApacheHttpClient.sendEvent(450) - responseCode = 200
2018-02-04 21:53:12 INFO  ApacheHttpClient.sendEvent(450) - responseCode = 200
2018-02-04 21:54:12 INFO  ApacheHttpClient.sendEvent(450) - responseCode = 200
2018-02-04 21:55:12 INFO  ApacheHttpClient.sendEvent(450) - responseCode = 200
2018-02-04 21:56:12 INFO  ApacheHttpClient.sendEvent(450) - responseCode = 200
2018-02-04 21:57:12 INFO  ApacheHttpClient.sendEvent(450) - responseCode = 200
2018-02-04 21:58:12 INFO  ApacheHttpClient.sendEvent(450) - responseCode = 200
2018-02-04 21:59:12 INFO  ApacheHttpClient.sendEvent(450) - responseCode = 200
2018-02-04 22:00:12 INFO  ApacheHttpClient.sendEvent(450) - responseCode = 200
2018-02-04 22:01:13 INFO  ApacheHttpClient.sendEvent(450) - responseCode = 200
2018-02-04 22:02:12 INFO  ApacheHttpClient.sendEvent(450) - responseCode = 200
2018-02-04 22:03:12 INFO  ApacheHttpClient.sendEvent(450) - responseCode = 200
2018-02-04 22:04:12 INFO  ApacheHttpClient.sendEvent(450) - responseCode = 200
2018-02-04 22:05:12 INFO  ApacheHttpClient.sendEvent(450) - responseCode = 200
2018-02-04 22:06:12 INFO  ApacheHttpClient.sendEvent(450) - responseCode = 200
2018-02-04 22:07:12 INFO  ApacheHttpClient.sendEvent(450) - responseCode = 200
2018-02-04 22:08:12 INFO  ApacheHttpClient.sendEvent(450) - responseCode = 200
2018-02-04 22:09:12 INFO  ApacheHttpClient.sendEvent(450) - responseCode = 200
2018-02-04 22:10:12 INFO  ApacheHttpClient.sendEvent(450) - responseCode = 200
2018-02-04 22:11:13 INFO  ApacheHttpClient.sendEvent(450) - responseCode = 200
2018-02-04 22:12:15 INFO  ApacheHttpClient.sendEvent(450) - responseCode = 504
2018-02-04 22:13:15 INFO  ApacheHttpClient.sendEvent(450) - responseCode = 504
2018-02-04 22:14:12 INFO  ApacheHttpClient.sendEvent(450) - responseCode = 200
2018-02-04 22:14:41 INFO  ApacheHttpClient.getWebResourceAsStream(420) - responseCode = 200
2018-02-04 22:14:41 INFO  ApacheHttpClient.getTask(405) - responseCode = 200
2018-02-04 22:14:41 INFO  ApacheHttpClient.getWebResourceAsStream(420) - responseCode = 200
2018-02-04 22:14:43 INFO  ApacheHttpClient.completed(27) - responseCode = 200
2018-02-04 22:15:12 INFO  ApacheHttpClient.sendEvent(450) - responseCode = 200
2018-02-04 22:15:17 INFO  ApacheHttpClient.getWebResourceAsStream(420) - responseCode = 200
2018-02-04 22:15:17 INFO  ApacheHttpClient.getTask(405) - responseCode = 200
2018-02-04 22:15:18 INFO  ApacheHttpClient.getWebResourceAsStream(420) - responseCode = 200
2018-02-04 22:15:19 INFO  ApacheHttpClient.completed(27) - responseCode = 200
2018-02-04 22:15:19 INFO  ApacheHttpClient.getTask(405) - responseCode = 200
2018-02-04 22:15:21 INFO  ApacheHttpClient.getWebResourceAsStream(420) - responseCode = 200
2018-02-04 22:15:21 INFO  ApacheHttpClient.getFilteredTasks(307) - responseCode = 200
2018-02-04 22:15:22 INFO  ApacheHttpClient.getTaskTemplateInfo(324) - responseCode = 200
2018-02-04 22:15:23 INFO  ApacheHttpClient.testConnection(178) - responseCode = 200
2018-02-04 22:15:23 INFO  ApacheHttpClient.testConnection(185) - result = true
2018-02-04 22:15:23 INFO  ApacheHttpClient.testConnection(178) - responseCode = 200
2018-02-04 22:15:23 INFO  ApacheHttpClient.testConnection(185) - result = true
2018-02-04 22:15:24 INFO  ApacheHttpClient.getWebResourceAsStream(420) - responseCode = 200
2018-02-04 22:16:12 INFO  ApacheHttpClient.sendEvent(450) - responseCode = 200
2018-02-04 22:17:12 INFO  ApacheHttpClient.sendEvent(450) - responseCode = 200
2018-02-04 22:18:12 INFO  ApacheHttpClient.sendEvent(450) - responseCode = 200
2018-02-04 22:18:13 INFO  ApacheHttpClient.getWebResourceAsStream(420) - responseCode = 200
2018-02-04 22:18:13 INFO  ApacheHttpClient.getTask(405) - responseCode = 200
2018-02-04 22:18:13 INFO  ApacheHttpClient.getWebResourceAsStream(420) - responseCode = 200
2018-02-04 22:18:14 INFO  ApacheHttpClient.completed(27) - responseCode = 200
2018-02-04 22:18:14 INFO  ApacheHttpClient.getTask(405) - responseCode = 200
2018-02-04 22:18:16 INFO  ApacheHttpClient.getWebResourceAsStream(420) - responseCode = 200
2018-02-04 22:18:16 INFO  ApacheHttpClient.getFilteredTasks(307) - responseCode = 200
2018-02-04 22:18:17 INFO  ApacheHttpClient.getTaskTemplateInfo(324) - responseCode = 200
2018-02-04 22:18:18 INFO  ApacheHttpClient.testConnection(178) - responseCode = 200
2018-02-04 22:18:18 INFO  ApacheHttpClient.testConnection(185) - result = true
2018-02-04 22:18:18 INFO  ApacheHttpClient.testConnection(178) - responseCode = 200
2018-02-04 22:18:18 INFO  ApacheHttpClient.testConnection(185) - result = true
2018-02-04 22:18:18 INFO  ApacheHttpClient.getWebResourceAsStream(420) - responseCode = 200
2018-02-04 22:19:12 INFO  ApacheHttpClient.sendEvent(450) - responseCode = 200
2018-02-04 22:20:12 INFO  ApacheHttpClient.sendEvent(450) - responseCode = 200
2018-02-04 22:21:12 INFO  ApacheHttpClient.sendEvent(450) - responseCode = 200
2018-02-04 22:22:12 INFO  ApacheHttpClient.sendEvent(450) - responseCode = 200
2018-02-04 22:23:12 INFO  ApacheHttpClient.sendEvent(450) - responseCode = 200
2018-02-04 22:24:12 INFO  ApacheHttpClient.sendEvent(450) - responseCode = 200
2018-02-04 22:25:12 INFO  ApacheHttpClient.sendEvent(450) - responseCode = 200
2018-02-04 22:26:12 INFO  ApacheHttpClient.sendEvent(450) - responseCode = 200
2018-02-04 22:27:12 INFO  ApacheHttpClient.sendEvent(450) - responseCode = 200
2018-02-04 22:28:12 INFO  ApacheHttpClient.sendEvent(450) - responseCode = 200
2018-02-04 22:29:12 INFO  ApacheHttpClient.sendEvent(450) - responseCode = 200
2018-02-04 22:30:12 INFO  ApacheHttpClient.sendEvent(450) - responseCode = 200
2018-02-04 22:31:12 INFO  ApacheHttpClient.sendEvent(450) - responseCode = 200
2018-02-04 22:32:12 INFO  ApacheHttpClient.sendEvent(450) - responseCode = 200
2018-02-04 22:33:12 INFO  ApacheHttpClient.sendEvent(450) - responseCode = 200
2018-02-04 22:34:12 INFO  ApacheHttpClient.sendEvent(450) - responseCode = 200
2018-02-04 22:34:16 INFO  ApacheHttpClient.getWebResourceAsStream(420) - responseCode = 200
2018-02-04 22:34:17 INFO  ApacheHttpClient.getTask(405) - responseCode = 200
2018-02-04 22:34:17 INFO  ApacheHttpClient.getWebResourceAsStream(420) - responseCode = 200
2018-02-04 22:34:18 INFO  ApacheHttpClient.completed(27) - responseCode = 200
2018-02-04 22:34:18 INFO  ApacheHttpClient.getTask(405) - responseCode = 200
2018-02-04 22:34:19 INFO  ApacheHttpClient.getWebResourceAsStream(420) - responseCode = 200
2018-02-04 22:34:19 INFO  ApacheHttpClient.getFilteredTasks(307) - responseCode = 200
2018-02-04 22:34:26 INFO  ApacheHttpClient.getTaskTemplateInfo(324) - responseCode = 200
2018-02-04 22:34:28 INFO  ApacheHttpClient.testConnection(178) - responseCode = 200
2018-02-04 22:34:28 INFO  ApacheHttpClient.testConnection(185) - result = true
2018-02-04 22:34:28 INFO  ApacheHttpClient.testConnection(178) - responseCode = 200
2018-02-04 22:34:28 INFO  ApacheHttpClient.testConnection(185) - result = true
2018-02-04 22:34:28 INFO  ApacheHttpClient.getWebResourceAsStream(420) - responseCode = 200
2018-02-04 22:35:12 INFO  ApacheHttpClient.sendEvent(450) - responseCode = 200
2018-02-04 22:36:12 INFO  ApacheHttpClient.sendEvent(450) - responseCode = 200
2018-02-04 22:37:12 INFO  ApacheHttpClient.sendEvent(450) - responseCode = 200
2018-02-04 22:38:12 INFO  ApacheHttpClient.sendEvent(450) - responseCode = 200
2018-02-04 22:38:25 INFO  ApacheHttpClient.getWebResourceAsStream(420) - responseCode = 200
2018-02-04 22:38:25 INFO  ApacheHttpClient.getTask(405) - responseCode = 200
2018-02-04 22:38:25 INFO  ApacheHttpClient.getWebResourceAsStream(420) - responseCode = 200
2018-02-04 22:38:27 INFO  ApacheHttpClient.completed(27) - responseCode = 200
2018-02-04 22:38:27 INFO  ApacheHttpClient.getTask(405) - responseCode = 200
2018-02-04 22:38:28 INFO  ApacheHttpClient.getWebResourceAsStream(420) - responseCode = 200
2018-02-04 22:38:28 INFO  ApacheHttpClient.getFilteredTasks(307) - responseCode = 200
2018-02-04 22:38:29 INFO  ApacheHttpClient.getTaskTemplateInfo(324) - responseCode = 200
2018-02-04 22:38:30 INFO  ApacheHttpClient.testConnection(178) - responseCode = 200
2018-02-04 22:38:30 INFO  ApacheHttpClient.testConnection(185) - result = true
2018-02-04 22:38:31 INFO  ApacheHttpClient.testConnection(178) - responseCode = 200
2018-02-04 22:38:31 INFO  ApacheHttpClient.testConnection(185) - result = true
2018-02-04 22:38:31 INFO  ApacheHttpClient.getWebResourceAsStream(420) - responseCode = 200
2018-02-04 22:39:12 INFO  ApacheHttpClient.sendEvent(450) - responseCode = 200
2018-02-04 22:40:14 INFO  ApacheHttpClient.sendEvent(450) - responseCode = 200
2018-02-04 22:41:12 INFO  ApacheHttpClient.sendEvent(450) - responseCode = 200
2018-02-04 22:41:24 INFO  ApacheHttpClient.getWebResourceAsStream(420) - responseCode = 200
2018-02-04 22:41:25 INFO  ApacheHttpClient.getTask(405) - responseCode = 200
2018-02-04 22:41:25 INFO  ApacheHttpClient.getWebResourceAsStream(420) - responseCode = 200
2018-02-04 22:41:26 INFO  ApacheHttpClient.completed(27) - responseCode = 200
2018-02-04 22:41:26 INFO  ApacheHttpClient.getTask(405) - responseCode = 200
2018-02-04 22:41:27 INFO  ApacheHttpClient.getWebResourceAsStream(420) - responseCode = 200
2018-02-04 22:41:28 INFO  ApacheHttpClient.getFilteredTasks(307) - responseCode = 200
2018-02-04 22:41:28 INFO  ApacheHttpClient.getTaskTemplateInfo(324) - responseCode = 200
2018-02-04 22:41:30 INFO  ApacheHttpClient.testConnection(178) - responseCode = 200
2018-02-04 22:41:30 INFO  ApacheHttpClient.testConnection(185) - result = true
2018-02-04 22:41:30 INFO  ApacheHttpClient.testConnection(178) - responseCode = 200
2018-02-04 22:41:30 INFO  ApacheHttpClient.testConnection(185) - result = true
2018-02-04 22:41:30 INFO  ApacheHttpClient.getWebResourceAsStream(420) - responseCode = 200
2018-02-04 22:42:12 INFO  ApacheHttpClient.sendEvent(450) - responseCode = 200
2018-02-04 22:43:12 INFO  ApacheHttpClient.sendEvent(450) - responseCode = 200
2018-02-04 22:44:12 INFO  ApacheHttpClient.sendEvent(450) - responseCode = 200
2018-02-04 22:45:12 INFO  ApacheHttpClient.sendEvent(450) - responseCode = 200
2018-02-04 22:46:12 INFO  ApacheHttpClient.sendEvent(450) - responseCode = 200
2018-02-04 22:47:12 INFO  ApacheHttpClient.sendEvent(450) - responseCode = 200
2018-02-04 22:47:43 INFO  ApacheHttpClient.getWebResourceAsStream(420) - responseCode = 200
2018-02-04 22:47:43 INFO  ApacheHttpClient.getTask(405) - responseCode = 200
2018-02-04 22:47:43 INFO  ApacheHttpClient.getWebResourceAsStream(420) - responseCode = 200
2018-02-04 22:47:45 INFO  ApacheHttpClient.completed(27) - responseCode = 200
2018-02-04 22:48:12 INFO  ApacheHttpClient.sendEvent(450) - responseCode = 200
2018-02-04 22:48:44 INFO  ApacheHttpClient.getWebResourceAsStream(420) - responseCode = 200
2018-02-04 22:48:44 INFO  ApacheHttpClient.getFilteredTasks(307) - responseCode = 200
2018-02-04 22:48:47 INFO  ApacheHttpClient.getWebResourceAsStream(420) - responseCode = 200
2018-02-04 22:48:47 INFO  ApacheHttpClient.getTask(405) - responseCode = 200
2018-02-04 22:48:47 INFO  ApacheHttpClient.getWebResourceAsStream(420) - responseCode = 200
2018-02-04 22:48:49 INFO  ApacheHttpClient.completed(27) - responseCode = 200
2018-02-04 22:48:49 INFO  ApacheHttpClient.getTask(405) - responseCode = 200
2018-02-04 22:48:54 INFO  ApacheHttpClient.getWebResourceAsStream(420) - responseCode = 200
2018-02-04 22:48:54 INFO  ApacheHttpClient.getFilteredTasks(307) - responseCode = 200
2018-02-04 22:48:55 INFO  ApacheHttpClient.getTaskTemplateInfo(324) - responseCode = 200
2018-02-04 22:48:56 INFO  ApacheHttpClient.testConnection(178) - responseCode = 200
2018-02-04 22:48:56 INFO  ApacheHttpClient.testConnection(185) - result = true
2018-02-04 22:48:56 INFO  ApacheHttpClient.testConnection(178) - responseCode = 200
2018-02-04 22:48:56 INFO  ApacheHttpClient.testConnection(185) - result = true
2018-02-04 22:48:56 INFO  ApacheHttpClient.getWebResourceAsStream(420) - responseCode = 200
2018-02-04 22:49:12 INFO  ApacheHttpClient.sendEvent(450) - responseCode = 200
2018-02-04 22:50:12 INFO  ApacheHttpClient.sendEvent(450) - responseCode = 200
2018-02-04 22:51:12 INFO  ApacheHttpClient.sendEvent(450) - responseCode = 200
2018-02-04 22:52:12 INFO  ApacheHttpClient.sendEvent(450) - responseCode = 200
2018-02-04 22:53:12 INFO  ApacheHttpClient.sendEvent(450) - responseCode = 200
2018-02-04 22:54:12 INFO  ApacheHttpClient.sendEvent(450) - responseCode = 200
2018-02-04 22:55:12 INFO  ApacheHttpClient.sendEvent(450) - responseCode = 200
2018-02-04 22:56:12 INFO  ApacheHttpClient.sendEvent(450) - responseCode = 200
2018-02-04 22:57:12 INFO  ApacheHttpClient.sendEvent(450) - responseCode = 200
2018-02-04 22:58:00 INFO  ApacheHttpClient.getWebResourceAsStream(420) - responseCode = 200
2018-02-04 22:58:00 INFO  ApacheHttpClient.getTask(405) - responseCode = 200
2018-02-04 22:58:00 INFO  ApacheHttpClient.getTask(405) - responseCode = 200
2018-02-04 22:58:00 INFO  ApacheHttpClient.getWebResourceAsStream(420) - responseCode = 200
2018-02-04 22:58:01 INFO  ApacheHttpClient.completed(27) - responseCode = 400
2018-02-04 22:58:01 WARN  TaskCompleted.run(66) - Задача "Арканоид(19)" уже решена
2018-02-04 22:58:07 INFO  ApacheHttpClient.getWebResourceAsStream(420) - responseCode = 200
2018-02-04 22:58:07 INFO  ApacheHttpClient.getFilteredTasks(307) - responseCode = 200
2018-02-04 22:58:08 INFO  ApacheHttpClient.getTaskTemplateInfo(324) - responseCode = 200
2018-02-04 22:58:09 INFO  ApacheHttpClient.testConnection(178) - responseCode = 200
2018-02-04 22:58:09 INFO  ApacheHttpClient.testConnection(185) - result = true
2018-02-04 22:58:09 INFO  ApacheHttpClient.testConnection(178) - responseCode = 200
2018-02-04 22:58:09 INFO  ApacheHttpClient.testConnection(185) - result = true
2018-02-04 22:58:09 INFO  ApacheHttpClient.getWebResourceAsStream(420) - responseCode = 200
2018-02-04 22:58:12 INFO  ApacheHttpClient.sendEvent(450) - responseCode = 200
2018-02-04 22:58:13 INFO  ApacheHttpClient.getWebResourceAsStream(420) - responseCode = 200
2018-02-04 22:58:13 INFO  ApacheHttpClient.getTask(405) - responseCode = 200
2018-02-04 22:58:13 INFO  ApacheHttpClient.getWebResourceAsStream(420) - responseCode = 200
2018-02-04 22:58:15 INFO  ApacheHttpClient.completed(27) - responseCode = 200
2018-02-04 22:58:15 INFO  ApacheHttpClient.getTask(405) - responseCode = 200
2018-02-04 22:59:31 ERROR ApacheHttpClient.processExceptionSendEvent(103) - (super) Ошибка во время отправки ивента на сервер.
2018-02-04 23:00:28 ERROR ApacheHttpClient.processExceptionSendEvent(103) - (super) Ошибка во время отправки ивента на сервер.
2018-02-04 23:01:12 ERROR ApacheHttpClient.processExceptionSendEvent(103) - (super) Ошибка во время отправки ивента на сервер.
2018-02-04 23:02:23 ERROR ApacheHttpClient.processExceptionSendEvent(103) - (super) Ошибка во время отправки ивента на сервер.
2018-02-04 23:03:14 ERROR ApacheHttpClient.processExceptionSendEvent(103) - (super) Ошибка во время отправки ивента на сервер.
2018-02-04 23:04:15 ERROR ApacheHttpClient.processExceptionSendEvent(103) - (super) Ошибка во время отправки ивента на сервер.
2018-02-04 23:05:12 INFO  ApacheHttpClient.sendEvent(450) - responseCode = 200
2018-02-04 23:06:12 INFO  ApacheHttpClient.sendEvent(450) - responseCode = 200
2018-02-04 23:07:12 INFO  ApacheHttpClient.sendEvent(450) - responseCode = 200
2018-02-04 23:08:12 INFO  ApacheHttpClient.sendEvent(450) - responseCode = 200
2018-02-04 23:09:12 INFO  ApacheHttpClient.sendEvent(450) - responseCode = 200
2018-02-04 23:10:12 INFO  ApacheHttpClient.sendEvent(450) - responseCode = 200
2018-02-04 23:11:12 INFO  ApacheHttpClient.sendEvent(450) - responseCode = 200
2018-02-04 23:12:17 INFO  ApacheHttpClient.sendEvent(450) - responseCode = 200
2018-02-04 23:13:12 INFO  ApacheHttpClient.sendEvent(450) - responseCode = 200
2018-02-04 23:14:12 INFO  ApacheHttpClient.sendEvent(450) - responseCode = 200
2018-02-04 23:15:12 INFO  ApacheHttpClient.sendEvent(450) - responseCode = 200
2018-02-04 23:16:12 INFO  ApacheHttpClient.sendEvent(450) - responseCode = 200
2018-02-04 23:17:12 INFO  ApacheHttpClient.sendEvent(450) - responseCode = 200
2018-02-04 23:18:12 INFO  ApacheHttpClient.sendEvent(450) - responseCode = 200
2018-02-04 23:19:12 INFO  ApacheHttpClient.sendEvent(450) - responseCode = 200
2018-02-04 23:20:12 INFO  ApacheHttpClient.sendEvent(450) - responseCode = 200
2018-02-04 23:21:12 INFO  ApacheHttpClient.sendEvent(450) - responseCode = 200
2018-02-04 23:22:12 INFO  ApacheHttpClient.sendEvent(450) - responseCode = 200
2018-02-04 23:23:12 INFO  ApacheHttpClient.sendEvent(450) - responseCode = 200
2018-02-04 23:24:12 INFO  ApacheHttpClient.sendEvent(450) - responseCode = 200
2018-02-04 23:25:12 INFO  ApacheHttpClient.sendEvent(450) - responseCode = 200
2018-02-04 23:26:12 INFO  ApacheHttpClient.sendEvent(450) - responseCode = 200
2018-02-04 23:27:12 INFO  ApacheHttpClient.sendEvent(450) - responseCode = 200
2018-02-04 23:28:12 INFO  ApacheHttpClient.sendEvent(450) - responseCode = 200
2018-02-04 23:29:12 INFO  ApacheHttpClient.sendEvent(450) - responseCode = 200
2018-02-04 23:30:12 INFO  ApacheHttpClient.sendEvent(450) - responseCode = 200
2018-02-04 23:31:12 INFO  ApacheHttpClient.sendEvent(450) - responseCode = 200
2018-02-04 23:32:12 INFO  ApacheHttpClient.sendEvent(450) - responseCode = 200
2018-02-04 23:33:12 INFO  ApacheHttpClient.sendEvent(450) - responseCode = 200
2018-02-04 23:34:12 INFO  ApacheHttpClient.sendEvent(450) - responseCode = 200
2018-02-04 23:35:12 INFO  ApacheHttpClient.sendEvent(450) - responseCode = 200
2018-02-04 23:36:12 INFO  ApacheHttpClient.sendEvent(450) - responseCode = 200
2018-02-04 23:37:12 INFO  ApacheHttpClient.sendEvent(450) - responseCode = 200
2018-02-04 23:38:12 INFO  ApacheHttpClient.sendEvent(450) - responseCode = 200
2018-02-04 23:39:01 INFO  JavaRushTasksProjectComponent.projectClosing(157) - ---------- Project JavaRushTasks closed ----------

2018-02-04 23:39:02 INFO  ApacheHttpClient.getTask(405) - responseCode = 200
2018-02-04 23:39:02 INFO  ApacheHttpClient.getTask(405) - responseCode = 200
2018-02-04 23:39:02 INFO  ApacheHttpClient.getTask(405) - responseCode = 200
2018-02-04 23:39:03 INFO  ApacheHttpClient.getTask(405) - responseCode = 200
2018-02-04 23:39:03 INFO  ApacheHttpClient.getTask(405) - responseCode = 200
2018-02-04 23:39:03 INFO  ApacheHttpClient.getTask(405) - responseCode = 200
2018-02-04 23:39:03 INFO  ApacheHttpClient.getTask(405) - responseCode = 200
2018-02-04 23:39:03 INFO  ApacheHttpClient.getTask(405) - responseCode = 200
2018-02-04 23:39:03 INFO  ApacheHttpClient.getTask(405) - responseCode = 200
2018-02-04 23:39:03 INFO  ApacheHttpClient.getTask(405) - responseCode = 200
2018-02-04 23:39:03 INFO  ApacheHttpClient.getTask(405) - responseCode = 200
2018-02-04 23:39:03 INFO  ApacheHttpClient.getTask(405) - responseCode = 200
2018-02-04 23:39:03 INFO  ApacheHttpClient.getTask(405) - responseCode = 200
2018-02-04 23:39:03 INFO  ApacheHttpClient.getTask(405) - responseCode = 200
2018-02-04 23:39:03 INFO  ApacheHttpClient.getTask(405) - responseCode = 200
2018-02-04 23:39:03 INFO  ApacheHttpClient.getTask(405) - responseCode = 200
2018-02-04 23:39:03 INFO  ApacheHttpClient.getTask(405) - responseCode = 200
2018-02-04 23:39:03 INFO  ApacheHttpClient.getTask(405) - responseCode = 200
2018-02-04 23:39:04 INFO  ApacheHttpClient.getTask(405) - responseCode = 200
2018-02-04 23:39:04 INFO  ApacheHttpClient.getTask(405) - responseCode = 200
2018-02-04 23:39:04 INFO  ApacheHttpClient.getTask(405) - responseCode = 200
2018-02-04 23:56:53 INFO  JavaRushTasksProjectComponent.projectOpened(68) - ---------- Project JavaRushTasks opened ----------

2018-02-04 23:56:53 INFO  ApacheHttpClient.createAsyncHttpClient(125) - Выбрано 1 прокси.
2018-02-04 23:56:54 INFO  ApacheHttpClient.<init>(85) - ApacheHttpClient проинстанциирован успешно.
2018-02-04 23:56:54 INFO  ApacheHttpClient.testConnection(178) - responseCode = 200
2018-02-04 23:56:54 INFO  ApacheHttpClient.testConnection(185) - result = true
2018-02-04 23:56:54 INFO  ApacheHttpClient.login(209) - Ожидание ответа сервера.
2018-02-04 23:56:54 INFO  ApacheHttpClient.login(213) - responseCode = 200
2018-02-04 23:56:54 INFO  ApacheHttpClient.login(244) - JSESSIONID=87AA296AB2A2869A6D2A3373C5E600CF
2018-02-04 23:56:54 INFO  ApacheHttpClient.refreshUserInfo(272) - responseCode = 200
2018-02-04 23:56:54 INFO  ApacheHttpClient.refreshUserInfo(278) - Информация о пользователе получена.
2018-02-04 23:56:54 INFO  ApacheHttpClient.startGA(32) - GAService запущен.
2018-02-04 23:56:54 INFO  AbstractRestApiClient.startService(70) - EventsService запущен.
2018-02-04 23:56:58 INFO  ApacheHttpClient.testConnection(178) - responseCode = 200
2018-02-04 23:56:58 INFO  ApacheHttpClient.testConnection(185) - result = true
2018-02-04 23:56:58 INFO  ApacheHttpClient.testConnection(178) - responseCode = 200
2018-02-04 23:56:58 INFO  ApacheHttpClient.testConnection(185) - result = true
2018-02-04 23:56:59 INFO  ApacheHttpClient.getWebResourceAsStream(420) - responseCode = 200
2018-02-04 23:57:03 INFO  ApacheHttpClient.testConnection(178) - responseCode = 200
2018-02-04 23:57:03 INFO  ApacheHttpClient.testConnection(185) - result = true
2018-02-04 23:57:03 INFO  ApacheHttpClient.testConnection(178) - responseCode = 200
2018-02-04 23:57:03 INFO  ApacheHttpClient.testConnection(185) - result = true
2018-02-04 23:57:09 INFO  ApacheHttpClient.testConnection(178) - responseCode = 200
2018-02-04 23:57:09 INFO  ApacheHttpClient.testConnection(185) - result = true
2018-02-04 23:57:55 INFO  ApacheHttpClient.sendEvent(450) - responseCode = 200
2018-02-04 23:58:54 INFO  ApacheHttpClient.sendEvent(450) - responseCode = 200
2018-02-04 23:59:54 INFO  ApacheHttpClient.sendEvent(450) - responseCode = 200
2018-02-05 00:00:54 INFO  ApacheHttpClient.sendEvent(450) - responseCode = 200
2018-02-05 00:01:54 INFO  ApacheHttpClient.sendEvent(450) - responseCode = 200
2018-02-05 00:02:54 INFO  ApacheHttpClient.sendEvent(450) - responseCode = 200
2018-02-05 00:03:54 INFO  ApacheHttpClient.sendEvent(450) - responseCode = 200
2018-02-05 00:04:54 INFO  ApacheHttpClient.sendEvent(450) - responseCode = 200
2018-02-05 00:05:54 INFO  ApacheHttpClient.sendEvent(450) - responseCode = 200
2018-02-05 00:06:54 INFO  ApacheHttpClient.sendEvent(450) - responseCode = 200
2018-02-05 00:07:54 INFO  ApacheHttpClient.sendEvent(450) - responseCode = 200
2018-02-05 00:08:54 INFO  ApacheHttpClient.sendEvent(450) - responseCode = 200
2018-02-05 00:09:54 INFO  ApacheHttpClient.sendEvent(450) - responseCode = 200
2018-02-05 00:10:54 INFO  ApacheHttpClient.sendEvent(450) - responseCode = 200
2018-02-05 00:11:54 INFO  ApacheHttpClient.sendEvent(450) - responseCode = 200
2018-02-05 00:12:54 INFO  ApacheHttpClient.sendEvent(450) - responseCode = 200
2018-02-05 00:13:54 INFO  ApacheHttpClient.sendEvent(450) - responseCode = 200
2018-02-05 00:14:54 INFO  ApacheHttpClient.sendEvent(450) - responseCode = 200
2018-02-05 00:15:54 INFO  ApacheHttpClient.sendEvent(450) - responseCode = 200
2018-02-05 00:16:55 INFO  ApacheHttpClient.sendEvent(450) - responseCode = 200
2018-02-05 00:17:54 INFO  ApacheHttpClient.sendEvent(450) - responseCode = 200
2018-02-05 00:18:54 INFO  ApacheHttpClient.sendEvent(450) - responseCode = 200
2018-02-05 00:19:54 INFO  ApacheHttpClient.sendEvent(450) - responseCode = 200
2018-02-05 00:20:54 INFO  ApacheHttpClient.sendEvent(450) - responseCode = 200
2018-02-05 00:21:54 INFO  ApacheHttpClient.sendEvent(450) - responseCode = 200
2018-02-05 00:22:54 INFO  ApacheHttpClient.sendEvent(450) - responseCode = 200
2018-02-05 00:23:54 INFO  ApacheHttpClient.sendEvent(450) - responseCode = 200
2018-02-05 00:24:54 INFO  ApacheHttpClient.sendEvent(450) - responseCode = 200
2018-02-05 00:25:54 INFO  ApacheHttpClient.sendEvent(450) - responseCode = 200
2018-02-05 00:26:54 INFO  ApacheHttpClient.sendEvent(450) - responseCode = 200
2018-02-05 00:27:54 INFO  ApacheHttpClient.sendEvent(450) - responseCode = 200
2018-02-05 00:28:54 INFO  ApacheHttpClient.sendEvent(450) - responseCode = 200
2018-02-05 00:29:54 INFO  ApacheHttpClient.sendEvent(450) - responseCode = 200
2018-02-05 00:30:55 INFO  ApacheHttpClient.sendEvent(450) - responseCode = 200
2018-02-05 00:31:54 INFO  ApacheHttpClient.sendEvent(450) - responseCode = 200
2018-02-05 00:32:54 INFO  ApacheHttpClient.sendEvent(450) - responseCode = 200
2018-02-05 00:33:54 INFO  ApacheHttpClient.sendEvent(450) - responseCode = 200
2018-02-05 00:34:54 INFO  ApacheHttpClient.sendEvent(450) - responseCode = 200
2018-02-05 00:35:54 INFO  ApacheHttpClient.sendEvent(450) - responseCode = 200
2018-02-05 00:36:54 INFO  ApacheHttpClient.sendEvent(450) - responseCode = 200
2018-02-05 00:37:55 INFO  ApacheHttpClient.sendEvent(450) - responseCode = 200
2018-02-05 00:38:54 INFO  ApacheHttpClient.sendEvent(450) - responseCode = 200
2018-02-05 00:39:54 INFO  ApacheHttpClient.sendEvent(450) - responseCode = 200
2018-02-05 00:40:54 INFO  ApacheHttpClient.sendEvent(450) - responseCode = 200
2018-02-05 00:41:54 INFO  ApacheHttpClient.sendEvent(450) - responseCode = 200
2018-02-05 00:42:54 INFO  ApacheHttpClient.sendEvent(450) - responseCode = 200
2018-02-05 00:43:54 INFO  ApacheHttpClient.sendEvent(450) - responseCode = 200
2018-02-05 00:44:54 INFO  ApacheHttpClient.sendEvent(450) - responseCode = 200
2018-02-05 00:51:29 INFO  JavaRushTasksProjectComponent.projectOpened(68) - ---------- Project JavaRushTasks opened ----------

2018-02-05 00:51:29 INFO  ApacheHttpClient.createAsyncHttpClient(125) - Выбрано 1 прокси.
2018-02-05 00:51:29 INFO  ApacheHttpClient.<init>(85) - ApacheHttpClient проинстанциирован успешно.
2018-02-05 00:51:33 INFO  ApacheHttpClient.testConnection(178) - responseCode = 200
2018-02-05 00:51:33 INFO  ApacheHttpClient.testConnection(185) - result = true
2018-02-05 00:51:33 INFO  ApacheHttpClient.login(209) - Ожидание ответа сервера.
2018-02-05 00:51:33 INFO  ApacheHttpClient.login(213) - responseCode = 200
2018-02-05 00:51:33 INFO  ApacheHttpClient.login(244) - JSESSIONID=DB0EB2997FC67E3D9DE542ED5F60A777
2018-02-05 00:51:33 INFO  ApacheHttpClient.refreshUserInfo(272) - responseCode = 200
2018-02-05 00:51:34 INFO  ApacheHttpClient.refreshUserInfo(278) - Информация о пользователе получена.
2018-02-05 00:51:34 INFO  ApacheHttpClient.startGA(32) - GAService запущен.
2018-02-05 00:51:34 INFO  AbstractRestApiClient.startService(70) - EventsService запущен.
2018-02-05 00:51:38 INFO  ApacheHttpClient.testConnection(178) - responseCode = 200
2018-02-05 00:51:39 INFO  ApacheHttpClient.testConnection(185) - result = true
2018-02-05 00:51:39 INFO  ApacheHttpClient.testConnection(178) - responseCode = 200
2018-02-05 00:51:39 INFO  ApacheHttpClient.testConnection(185) - result = true
2018-02-05 00:51:40 INFO  ApacheHttpClient.getWebResourceAsStream(420) - responseCode = 200
2018-02-05 00:51:44 INFO  ApacheHttpClient.testConnection(178) - responseCode = 200
2018-02-05 00:51:44 INFO  ApacheHttpClient.testConnection(185) - result = true
2018-02-05 00:51:45 INFO  ApacheHttpClient.testConnection(178) - responseCode = 200
2018-02-05 00:51:45 INFO  ApacheHttpClient.testConnection(185) - result = true
2018-02-05 00:51:46 INFO  ApacheHttpClient.testConnection(178) - responseCode = 200
2018-02-05 00:51:46 INFO  ApacheHttpClient.testConnection(185) - result = true
2018-02-05 00:52:34 INFO  ApacheHttpClient.sendEvent(450) - responseCode = 200
2018-02-05 00:53:34 INFO  ApacheHttpClient.sendEvent(450) - responseCode = 200
2018-02-05 00:54:34 INFO  ApacheHttpClient.sendEvent(450) - responseCode = 200
2018-02-05 00:55:34 INFO  ApacheHttpClient.sendEvent(450) - responseCode = 200
2018-02-05 00:56:34 INFO  ApacheHttpClient.sendEvent(450) - responseCode = 200
2018-02-05 00:57:34 INFO  ApacheHttpClient.sendEvent(450) - responseCode = 200
2018-02-05 00:58:34 INFO  ApacheHttpClient.sendEvent(450) - responseCode = 200
2018-02-05 00:59:34 INFO  ApacheHttpClient.sendEvent(450) - responseCode = 200
2018-02-05 01:00:34 INFO  ApacheHttpClient.sendEvent(450) - responseCode = 200
2018-02-05 01:01:34 INFO  ApacheHttpClient.sendEvent(450) - responseCode = 200
